0 info it worked if it ends with ok
1 verbose cli [ '/usr/bin/node', '/usr/bin/npm', 'install' ]
2 info using npm@2.9.1
3 info using node@v0.12.3
4 verbose node symlink /usr/bin/node
5 verbose readDependencies loading dependencies from /var/www/ps/public/main/package.json
6 warn package.json ps@1.0.0 No README data
7 verbose install where, deps [ '/var/www/ps/public/main',
7 verbose install   [ 'gulp', 'gulp-uglify', 'gulp-less' ] ]
8 verbose install where, peers [ '/var/www/ps/public/main', [] ]
9 verbose installManyTop reading for lifecycle /var/www/ps/public/main/package.json
10 info preinstall ps@1.0.0
11 verbose readDependencies loading dependencies from /var/www/ps/public/main/package.json
12 silly cache add args [ 'gulp-less@^3.0.3', null ]
13 verbose cache add spec gulp-less@^3.0.3
14 silly cache add parsed spec { raw: 'gulp-less@^3.0.3',
14 silly cache add   scope: null,
14 silly cache add   name: 'gulp-less',
14 silly cache add   rawSpec: '^3.0.3',
14 silly cache add   spec: '>=3.0.3 <4.0.0',
14 silly cache add   type: 'range' }
15 silly addNamed gulp-less@>=3.0.3 <4.0.0
16 verbose addNamed ">=3.0.3 <4.0.0" is a valid semver range for gulp-less
17 silly addNameRange { name: 'gulp-less', range: '>=3.0.3 <4.0.0', hasData: false }
18 silly mapToRegistry name gulp-less
19 silly mapToRegistry using default registry
20 silly mapToRegistry registry https://registry.npmjs.org/
21 silly mapToRegistry uri https://registry.npmjs.org/gulp-less
22 verbose addNameRange registry:https://registry.npmjs.org/gulp-less not in flight; fetching
23 silly cache add args [ 'gulp@^3.9.0', null ]
24 verbose cache add spec gulp@^3.9.0
25 silly cache add parsed spec { raw: 'gulp@^3.9.0',
25 silly cache add   scope: null,
25 silly cache add   name: 'gulp',
25 silly cache add   rawSpec: '^3.9.0',
25 silly cache add   spec: '>=3.9.0 <4.0.0',
25 silly cache add   type: 'range' }
26 silly addNamed gulp@>=3.9.0 <4.0.0
27 verbose addNamed ">=3.9.0 <4.0.0" is a valid semver range for gulp
28 silly addNameRange { name: 'gulp', range: '>=3.9.0 <4.0.0', hasData: false }
29 silly mapToRegistry name gulp
30 silly mapToRegistry using default registry
31 silly mapToRegistry registry https://registry.npmjs.org/
32 silly mapToRegistry uri https://registry.npmjs.org/gulp
33 verbose addNameRange registry:https://registry.npmjs.org/gulp not in flight; fetching
34 silly cache add args [ 'gulp-uglify@^1.2.0', null ]
35 verbose cache add spec gulp-uglify@^1.2.0
36 silly cache add parsed spec { raw: 'gulp-uglify@^1.2.0',
36 silly cache add   scope: null,
36 silly cache add   name: 'gulp-uglify',
36 silly cache add   rawSpec: '^1.2.0',
36 silly cache add   spec: '>=1.2.0 <2.0.0',
36 silly cache add   type: 'range' }
37 silly addNamed gulp-uglify@>=1.2.0 <2.0.0
38 verbose addNamed ">=1.2.0 <2.0.0" is a valid semver range for gulp-uglify
39 silly addNameRange { name: 'gulp-uglify', range: '>=1.2.0 <2.0.0', hasData: false }
40 silly mapToRegistry name gulp-uglify
41 silly mapToRegistry using default registry
42 silly mapToRegistry registry https://registry.npmjs.org/
43 silly mapToRegistry uri https://registry.npmjs.org/gulp-uglify
44 verbose addNameRange registry:https://registry.npmjs.org/gulp-uglify not in flight; fetching
45 verbose request uri https://registry.npmjs.org/gulp-less
46 verbose request no auth needed
47 info attempt registry request try #1 at 10:25:24 PM
48 verbose request id 76c8a8f661205ad9
49 verbose etag "2M7GHIU2UJYX1PRRWDV04QDH7"
50 http request GET https://registry.npmjs.org/gulp-less
51 verbose request uri https://registry.npmjs.org/gulp
52 verbose request no auth needed
53 info attempt registry request try #1 at 10:25:24 PM
54 verbose etag "5D72IZUIDGBSQVPJJC6U5TJV5"
55 http request GET https://registry.npmjs.org/gulp
56 verbose request uri https://registry.npmjs.org/gulp-uglify
57 verbose request no auth needed
58 info attempt registry request try #1 at 10:25:24 PM
59 verbose etag "B7UTMJ4BUIFS7X7GFUKSENC7J"
60 http request GET https://registry.npmjs.org/gulp-uglify
61 http 304 https://registry.npmjs.org/gulp
62 silly get cb [ 304,
62 silly get   { date: 'Sat, 15 Aug 2015 14:25:25 GMT',
62 silly get     via: '1.1 varnish',
62 silly get     'cache-control': 'max-age=60',
62 silly get     etag: '"5D72IZUIDGBSQVPJJC6U5TJV5"',
62 silly get     age: '0',
62 silly get     connection: 'keep-alive',
62 silly get     'x-served-by': 'cache-nrt6125-NRT',
62 silly get     'x-cache': 'HIT',
62 silly get     'x-cache-hits': '1',
62 silly get     'x-timer': 'S1439648725.122670,VS0,VE480',
62 silly get     vary: 'Accept' } ]
63 verbose etag https://registry.npmjs.org/gulp from cache
64 verbose get saving gulp to /home/jq/.npm/registry.npmjs.org/gulp/.cache.json
65 silly addNameRange number 2 { name: 'gulp', range: '>=3.9.0 <4.0.0', hasData: true }
66 silly addNameRange versions [ 'gulp',
66 silly addNameRange   [ '0.0.1',
66 silly addNameRange     '0.0.2',
66 silly addNameRange     '0.0.3',
66 silly addNameRange     '0.0.4',
66 silly addNameRange     '0.0.5',
66 silly addNameRange     '0.0.7',
66 silly addNameRange     '0.0.8',
66 silly addNameRange     '0.0.9',
66 silly addNameRange     '0.1.0',
66 silly addNameRange     '0.2.0',
66 silly addNameRange     '1.0.0',
66 silly addNameRange     '1.1.0',
66 silly addNameRange     '1.2.0',
66 silly addNameRange     '1.2.1',
66 silly addNameRange     '2.0.0',
66 silly addNameRange     '2.0.1',
66 silly addNameRange     '2.1.0',
66 silly addNameRange     '2.2.0',
66 silly addNameRange     '2.3.0',
66 silly addNameRange     '2.4.0',
66 silly addNameRange     '2.4.1',
66 silly addNameRange     '2.6.0',
66 silly addNameRange     '2.6.1',
66 silly addNameRange     '2.7.0',
66 silly addNameRange     '3.0.0',
66 silly addNameRange     '3.1.1',
66 silly addNameRange     '3.1.2',
66 silly addNameRange     '3.1.3',
66 silly addNameRange     '3.1.4',
66 silly addNameRange     '3.2.0',
66 silly addNameRange     '3.2.1',
66 silly addNameRange     '3.2.2',
66 silly addNameRange     '3.2.3',
66 silly addNameRange     '3.2.4',
66 silly addNameRange     '3.2.5',
66 silly addNameRange     '3.3.0',
66 silly addNameRange     '3.3.1',
66 silly addNameRange     '3.3.2',
66 silly addNameRange     '3.3.4',
66 silly addNameRange     '3.4.0',
66 silly addNameRange     '3.5.0',
66 silly addNameRange     '3.5.1',
66 silly addNameRange     '3.5.2',
66 silly addNameRange     '3.5.5',
66 silly addNameRange     '3.5.6',
66 silly addNameRange     '3.6.0',
66 silly addNameRange     '3.6.1',
66 silly addNameRange     '3.6.2',
66 silly addNameRange     '3.7.0',
66 silly addNameRange     '3.8.0',
66 silly addNameRange     '3.8.1',
66 silly addNameRange     '3.8.2',
66 silly addNameRange     '3.8.3',
66 silly addNameRange     '3.8.4',
66 silly addNameRange     '3.8.5',
66 silly addNameRange     '3.8.6',
66 silly addNameRange     '3.8.7',
66 silly addNameRange     '3.8.8',
66 silly addNameRange     '3.8.9',
66 silly addNameRange     '3.8.10',
66 silly addNameRange     '3.8.11',
66 silly addNameRange     '3.9.0' ] ]
67 silly addNamed gulp@3.9.0
68 verbose addNamed "3.9.0" is a plain semver version for gulp
69 silly cache afterAdd gulp@3.9.0
70 verbose afterAdd /home/jq/.npm/gulp/3.9.0/package/package.json not in flight; writing
71 verbose afterAdd /home/jq/.npm/gulp/3.9.0/package/package.json written
72 http 304 https://registry.npmjs.org/gulp-less
73 silly get cb [ 304,
73 silly get   { date: 'Sat, 15 Aug 2015 14:25:25 GMT',
73 silly get     via: '1.1 varnish',
73 silly get     'cache-control': 'max-age=60',
73 silly get     etag: '"2M7GHIU2UJYX1PRRWDV04QDH7"',
73 silly get     age: '0',
73 silly get     connection: 'keep-alive',
73 silly get     'x-served-by': 'cache-nrt6124-NRT',
73 silly get     'x-cache': 'HIT',
73 silly get     'x-cache-hits': '1',
73 silly get     'x-timer': 'S1439648725.678647,VS0,VE478',
73 silly get     vary: 'Accept' } ]
74 verbose etag https://registry.npmjs.org/gulp-less from cache
75 verbose get saving gulp-less to /home/jq/.npm/registry.npmjs.org/gulp-less/.cache.json
76 silly addNameRange number 2 { name: 'gulp-less', range: '>=3.0.3 <4.0.0', hasData: true }
77 silly addNameRange versions [ 'gulp-less',
77 silly addNameRange   [ '0.0.0',
77 silly addNameRange     '0.0.1',
77 silly addNameRange     '0.0.2',
77 silly addNameRange     '0.0.3',
77 silly addNameRange     '1.0.1',
77 silly addNameRange     '1.0.0',
77 silly addNameRange     '1.0.2',
77 silly addNameRange     '1.1.0',
77 silly addNameRange     '1.1.1',
77 silly addNameRange     '1.1.3',
77 silly addNameRange     '1.1.4',
77 silly addNameRange     '1.1.5',
77 silly addNameRange     '1.1.6',
77 silly addNameRange     '1.1.7',
77 silly addNameRange     '1.1.8',
77 silly addNameRange     '1.1.10',
77 silly addNameRange     '1.2.0',
77 silly addNameRange     '1.2.1',
77 silly addNameRange     '1.2.2',
77 silly addNameRange     '1.2.3',
77 silly addNameRange     '1.2.4',
77 silly addNameRange     '1.3.0',
77 silly addNameRange     '1.3.1',
77 silly addNameRange     '1.3.2',
77 silly addNameRange     '1.3.3',
77 silly addNameRange     '1.3.4',
77 silly addNameRange     '1.3.5',
77 silly addNameRange     '1.3.6',
77 silly addNameRange     '1.3.7',
77 silly addNameRange     '1.3.8',
77 silly addNameRange     '1.3.9',
77 silly addNameRange     '2.0.0',
77 silly addNameRange     '2.0.1',
77 silly addNameRange     '2.0.2',
77 silly addNameRange     '2.0.3',
77 silly addNameRange     '3.0.0',
77 silly addNameRange     '3.0.1',
77 silly addNameRange     '3.0.2',
77 silly addNameRange     '3.0.3' ] ]
78 silly addNamed gulp-less@3.0.3
79 verbose addNamed "3.0.3" is a plain semver version for gulp-less
80 silly cache afterAdd gulp-less@3.0.3
81 verbose afterAdd /home/jq/.npm/gulp-less/3.0.3/package/package.json not in flight; writing
82 verbose afterAdd /home/jq/.npm/gulp-less/3.0.3/package/package.json written
83 http 304 https://registry.npmjs.org/gulp-uglify
84 silly get cb [ 304,
84 silly get   { date: 'Sat, 15 Aug 2015 14:25:26 GMT',
84 silly get     via: '1.1 varnish',
84 silly get     'cache-control': 'max-age=60',
84 silly get     etag: '"B7UTMJ4BUIFS7X7GFUKSENC7J"',
84 silly get     age: '0',
84 silly get     connection: 'keep-alive',
84 silly get     'x-served-by': 'cache-nrt6129-NRT',
84 silly get     'x-cache': 'HIT',
84 silly get     'x-cache-hits': '1',
84 silly get     'x-timer': 'S1439648726.512905,VS0,VE532',
84 silly get     vary: 'Accept' } ]
85 verbose etag https://registry.npmjs.org/gulp-uglify from cache
86 verbose get saving gulp-uglify to /home/jq/.npm/registry.npmjs.org/gulp-uglify/.cache.json
87 silly addNameRange number 2 { name: 'gulp-uglify', range: '>=1.2.0 <2.0.0', hasData: true }
88 silly addNameRange versions [ 'gulp-uglify',
88 silly addNameRange   [ '0.0.1',
88 silly addNameRange     '0.0.3',
88 silly addNameRange     '0.0.4',
88 silly addNameRange     '0.1.0',
88 silly addNameRange     '0.2.0',
88 silly addNameRange     '0.2.1',
88 silly addNameRange     '0.3.0',
88 silly addNameRange     '0.3.1',
88 silly addNameRange     '0.3.2',
88 silly addNameRange     '1.0.0-0',
88 silly addNameRange     '1.0.0',
88 silly addNameRange     '1.0.1',
88 silly addNameRange     '1.0.2',
88 silly addNameRange     '1.1.0',
88 silly addNameRange     '1.2.0' ] ]
89 silly addNamed gulp-uglify@1.2.0
90 verbose addNamed "1.2.0" is a plain semver version for gulp-uglify
91 silly cache afterAdd gulp-uglify@1.2.0
92 verbose afterAdd /home/jq/.npm/gulp-uglify/1.2.0/package/package.json not in flight; writing
93 verbose afterAdd /home/jq/.npm/gulp-uglify/1.2.0/package/package.json written
94 silly install resolved [ { name: 'gulp',
94 silly install resolved     description: 'The streaming build system',
94 silly install resolved     version: '3.9.0',
94 silly install resolved     homepage: 'http://gulpjs.com',
94 silly install resolved     repository: { type: 'git', url: 'git+https://github.com/gulpjs/gulp.git' },
94 silly install resolved     author:
94 silly install resolved      { name: 'Fractal',
94 silly install resolved        email: 'contact@wearefractal.com',
94 silly install resolved        url: 'http://wearefractal.com/' },
94 silly install resolved     tags: [ 'build', 'stream', 'system', 'make', 'tool', 'asset', 'pipeline' ],
94 silly install resolved     files: [ 'index.js', 'lib', 'bin', 'completion' ],
94 silly install resolved     bin: { gulp: './bin/gulp.js' },
94 silly install resolved     man: [ 'gulp.1' ],
94 silly install resolved     dependencies:
94 silly install resolved      { archy: '^1.0.0',
94 silly install resolved        chalk: '^1.0.0',
94 silly install resolved        deprecated: '^0.0.1',
94 silly install resolved        'gulp-util': '^3.0.0',
94 silly install resolved        interpret: '^0.6.2',
94 silly install resolved        liftoff: '^2.1.0',
94 silly install resolved        minimist: '^1.1.0',
94 silly install resolved        orchestrator: '^0.3.0',
94 silly install resolved        'pretty-hrtime': '^1.0.0',
94 silly install resolved        semver: '^4.1.0',
94 silly install resolved        tildify: '^1.0.0',
94 silly install resolved        v8flags: '^2.0.2',
94 silly install resolved        'vinyl-fs': '^0.3.0' },
94 silly install resolved     devDependencies:
94 silly install resolved      { coveralls: '^2.7.0',
94 silly install resolved        'graceful-fs': '^3.0.0',
94 silly install resolved        istanbul: '^0.3.0',
94 silly install resolved        jscs: '~1.12.0',
94 silly install resolved        jshint: '^2.5.0',
94 silly install resolved        'jshint-stylish': '^1.0.0',
94 silly install resolved        'marked-man': '^0.1.3',
94 silly install resolved        mkdirp: '^0.5.0',
94 silly install resolved        mocha: '^2.0.1',
94 silly install resolved        'mocha-lcov-reporter': '^0.0.1',
94 silly install resolved        q: '^1.0.0',
94 silly install resolved        rimraf: '^2.2.5',
94 silly install resolved        should: '^5.0.1' },
94 silly install resolved     scripts:
94 silly install resolved      { prepublish: 'marked-man --name gulp docs/CLI.md > gulp.1',
94 silly install resolved        lint: 'jshint lib bin test index.js --reporter node_modules/jshint-stylish/stylish.js --exclude node_modules && jscs lib bin test index.js',
94 silly install resolved        test: 'npm run-script lint && mocha --reporter spec',
94 silly install resolved        coveralls: 'istanbul cover _mocha --report lcovonly -- -R spec && cat ./coverage/lcov.info | coveralls && rm -rf ./coverage' },
94 silly install resolved     engines: { node: '>= 0.9' },
94 silly install resolved     license: 'MIT',
94 silly install resolved     gitHead: '657213a52d5e9c19b85df6a42f76341a98c08ae8',
94 silly install resolved     bugs: { url: 'https://github.com/gulpjs/gulp/issues' },
94 silly install resolved     _id: 'gulp@3.9.0',
94 silly install resolved     _shasum: 'cf1fba4cb558bb8c6ae6c9613f583ae2620d214a',
94 silly install resolved     _from: 'gulp@>=3.9.0 <4.0.0',
94 silly install resolved     _npmVersion: '2.8.3',
94 silly install resolved     _nodeVersion: '0.10.36',
94 silly install resolved     _npmUser: { name: 'phated', email: 'blaine@iceddev.com' },
94 silly install resolved     maintainers: [ [Object], [Object] ],
94 silly install resolved     dist:
94 silly install resolved      { shasum: 'cf1fba4cb558bb8c6ae6c9613f583ae2620d214a',
94 silly install resolved        tarball: 'http://registry.npmjs.org/gulp/-/gulp-3.9.0.tgz' },
94 silly install resolved     directories: {},
94 silly install resolved     _resolved: 'https://registry.npmjs.org/gulp/-/gulp-3.9.0.tgz',
94 silly install resolved     readme: 'ERROR: No README data found!' },
94 silly install resolved   { name: 'gulp-less',
94 silly install resolved     version: '3.0.3',
94 silly install resolved     description: 'Less for Gulp',
94 silly install resolved     main: 'index.js',
94 silly install resolved     scripts: { test: 'jshint index.js && node_modules/.bin/mocha' },
94 silly install resolved     repository:
94 silly install resolved      { type: 'git',
94 silly install resolved        url: 'git://github.com/plus3network/gulp-less.git' },
94 silly install resolved     keywords: [ 'gulpplugin', 'gulp', 'less' ],
94 silly install resolved     author: { name: 'Chris Cowan' },
94 silly install resolved     license: 'MIT',
94 silly install resolved     dependencies:
94 silly install resolved      { accord: '^0.15.2',
94 silly install resolved        'gulp-util': '^3.0.4',
94 silly install resolved        less: '^2.4.0',
94 silly install resolved        'object-assign': '^2.0.0',
94 silly install resolved        through2: '^0.6.3',
94 silly install resolved        'vinyl-sourcemaps-apply': '^0.1.4' },
94 silly install resolved     devDependencies: { jshint: '^2.4.1', mocha: '^2.1.0', should: '^4.6.5' },
94 silly install resolved     gitHead: 'a8814743092ce246d5d7765d953ac30b7f92570d',
94 silly install resolved     bugs: { url: 'https://github.com/plus3network/gulp-less/issues' },
94 silly install resolved     homepage: 'https://github.com/plus3network/gulp-less',
94 silly install resolved     _id: 'gulp-less@3.0.3',
94 silly install resolved     _shasum: '15ec6c49dc7a42d7558dc0e95b622d36dfc94e9f',
94 silly install resolved     _from: 'gulp-less@>=3.0.3 <4.0.0',
94 silly install resolved     _npmVersion: '1.4.28',
94 silly install resolved     _npmUser: { name: 'fractal', email: 'contact@wearefractal.com' },
94 silly install resolved     maintainers: [ [Object], [Object] ],
94 silly install resolved     dist:
94 silly install resolved      { shasum: '15ec6c49dc7a42d7558dc0e95b622d36dfc94e9f',
94 silly install resolved        tarball: 'http://registry.npmjs.org/gulp-less/-/gulp-less-3.0.3.tgz' },
94 silly install resolved     directories: {},
94 silly install resolved     _resolved: 'https://registry.npmjs.org/gulp-less/-/gulp-less-3.0.3.tgz',
94 silly install resolved     readme: 'ERROR: No README data found!' },
94 silly install resolved   { name: 'gulp-uglify',
94 silly install resolved     description: 'Minify files with UglifyJS.',
94 silly install resolved     version: '1.2.0',
94 silly install resolved     author: { name: 'Terin Stock', email: 'terinjokes@gmail.com' },
94 silly install resolved     bugs: { url: 'https://github.com/terinjokes/gulp-uglify/issues' },
94 silly install resolved     dependencies:
94 silly install resolved      { deap: '>=1.0.0 <2.0.0-0',
94 silly install resolved        'gulp-util': '>=3.0.0 <4.0.0-0',
94 silly install resolved        through2: '>=0.6.1 <1.0.0-0',
94 silly install resolved        'uglify-js': '2.4.19',
94 silly install resolved        'vinyl-sourcemaps-apply': '>=0.1.1 <0.2.0-0' },
94 silly install resolved     devDependencies:
94 silly install resolved      { argg: '0.0.1',
94 silly install resolved        cmem: '>=1.0.0 <2.0.0-0',
94 silly install resolved        'codeclimate-test-reporter': '0.0.4',
94 silly install resolved        'gulp-concat': '>=2.3.4 <3.0.0-0',
94 silly install resolved        'gulp-sourcemaps': '>=1.1.1 <2.0.0-0',
94 silly install resolved        istanbul: '>=0.3.0 <0.4.0-0',
94 silly install resolved        rimraf: '>=2.2.8 <3.0.0-0',
94 silly install resolved        tape: '^4.0.0',
94 silly install resolved        vinyl: '>=0.4.6 <1.0.0-0' },
94 silly install resolved     engines: { node: '>= 0.9' },
94 silly install resolved     homepage: 'https://github.com/terinjokes/gulp-uglify/',
94 silly install resolved     keywords: [ 'gulpplugin' ],
94 silly install resolved     license: 'MIT',
94 silly install resolved     main: 'index.js',
94 silly install resolved     repository:
94 silly install resolved      { type: 'git',
94 silly install resolved        url: 'git+https://github.com/terinjokes/gulp-uglify.git' },
94 silly install resolved     scripts:
94 silly install resolved      { codeclimate: 'cat ./coverage/lcov.info|codeclimate',
94 silly install resolved        coverage: 'istanbul cover node_modules/argg test/*.js --report lcovonly',
94 silly install resolved        rm: 'rimraf ./coverage',
94 silly install resolved        test: 'npm run coverage && npm run rm',
94 silly install resolved        'test-report': 'npm run coverage && npm run codeclimate && npm run rm' },
94 silly install resolved     gitHead: '4ead3aaefb3abc7f95997ee87312baf36a07b7f3',
94 silly install resolved     _id: 'gulp-uglify@1.2.0',
94 silly install resolved     _shasum: '760a86a5cf68453e0036130763dde2952093e38b',
94 silly install resolved     _from: 'gulp-uglify@>=1.2.0 <2.0.0',
94 silly install resolved     _npmVersion: '2.7.6',
94 silly install resolved     _nodeVersion: '1.6.4',
94 silly install resolved     _npmUser: { name: 'terinjokes', email: 'terinjokes@gmail.com' },
94 silly install resolved     maintainers: [ [Object] ],
94 silly install resolved     dist:
94 silly install resolved      { shasum: '760a86a5cf68453e0036130763dde2952093e38b',
94 silly install resolved        tarball: 'http://registry.npmjs.org/gulp-uglify/-/gulp-uglify-1.2.0.tgz' },
94 silly install resolved     directories: {},
94 silly install resolved     _resolved: 'https://registry.npmjs.org/gulp-uglify/-/gulp-uglify-1.2.0.tgz',
94 silly install resolved     readme: 'ERROR: No README data found!' } ]
95 info install gulp@3.9.0 into /var/www/ps/public/main
96 info install gulp-less@3.0.3 into /var/www/ps/public/main
97 info install gulp-uglify@1.2.0 into /var/www/ps/public/main
98 info installOne gulp@3.9.0
99 verbose installOne of gulp to /var/www/ps/public/main not in flight; installing
100 info installOne gulp-less@3.0.3
101 verbose installOne of gulp-less to /var/www/ps/public/main not in flight; installing
102 info installOne gulp-uglify@1.2.0
103 verbose installOne of gulp-uglify to /var/www/ps/public/main not in flight; installing
104 warn locking Error: EACCES, open '/home/jq/.npm/_locks/gulp-13870ef9c52fda42.lock'
104 warn locking     at Error (native)
104 warn locking  /home/jq/.npm/_locks/gulp-13870ef9c52fda42.lock failed { [Error: EACCES, open '/home/jq/.npm/_locks/gulp-13870ef9c52fda42.lock']
104 warn locking   errno: -13,
104 warn locking   code: 'EACCES',
104 warn locking   path: '/home/jq/.npm/_locks/gulp-13870ef9c52fda42.lock' }
105 verbose stack Error: Attempt to unlock /var/www/ps/public/main/node_modules/gulp, which hasn't been locked
105 verbose stack     at unlock (/var/local/node/lib/node_modules/npm/lib/utils/locker.js:66:11)
105 verbose stack     at cb (/var/local/node/lib/node_modules/npm/lib/install.js:1015:5)
105 verbose stack     at /var/local/node/lib/node_modules/npm/lib/install.js:1019:20
105 verbose stack     at /var/local/node/lib/node_modules/npm/lib/utils/locker.js:40:9
105 verbose stack     at cb (/var/local/node/lib/node_modules/npm/node_modules/lockfile/lockfile.js:149:38)
105 verbose stack     at /var/local/node/lib/node_modules/npm/node_modules/lockfile/lockfile.js:177:38
105 verbose stack     at FSReqWrap.oncomplete (fs.js:95:15)
106 verbose cwd /var/www/ps/public/main
107 error Linux 3.13.0-32-generic
108 error argv "/usr/bin/node" "/usr/bin/npm" "install"
109 error node v0.12.3
110 error npm  v2.9.1
111 error Attempt to unlock /var/www/ps/public/main/node_modules/gulp, which hasn't been locked
112 error If you need help, you may report this error at:
112 error     <https://github.com/npm/npm/issues>
113 verbose exit [ 1, true ]
